mag 26, 2021 12:10:43 PM utility.LogController queryOutput
INFORMAZIONI: 
+-----------------------------------+
|  FVG
|  [0.44257407489282613]
+-----------------------------------+


mag 26, 2021 12:10:43 PM utility.LogController queryOutput
INFORMAZIONI: 
+-----------------------------------+
|  PIE
|  [0.4543949396355433]
+-----------------------------------+


mag 26, 2021 12:10:43 PM utility.LogController queryOutput
INFORMAZIONI: 
+-----------------------------------+
|  VDA
|  [0.45687073731789013]
+-----------------------------------+


mag 26, 2021 12:10:43 PM utility.LogController queryOutput
INFORMAZIONI: 
+-----------------------------------+
|  TOS
|  [0.4349725065854163]
+-----------------------------------+


mag 26, 2021 12:10:43 PM utility.LogController queryOutput
INFORMAZIONI: 
+-----------------------------------+
|  VEN
|  [0.45234008448922636]
+-----------------------------------+


mag 26, 2021 12:10:43 PM utility.LogController queryOutput
INFORMAZIONI: 
+-----------------------------------+
|  CAL
|  [0.38850994393224153]
+-----------------------------------+


mag 26, 2021 12:10:43 PM utility.LogController queryOutput
INFORMAZIONI: 
+-----------------------------------+
|  CAM
|  [0.40870501723752717]
+-----------------------------------+


mag 26, 2021 12:10:43 PM utility.LogController queryOutput
INFORMAZIONI: 
+-----------------------------------+
|  SIC
|  [0.3748011723497979]
+-----------------------------------+


mag 26, 2021 12:10:43 PM utility.LogController queryOutput
INFORMAZIONI: 
+-----------------------------------+
|  MAR
|  [0.46027723347315785]
+-----------------------------------+


mag 26, 2021 12:10:43 PM utility.LogController queryOutput
INFORMAZIONI: 
+-----------------------------------+
|  MOL
|  [0.4943634567201826]
+-----------------------------------+


mag 26, 2021 12:10:43 PM utility.LogController queryOutput
INFORMAZIONI: 
+-----------------------------------+
|  UMB
|  [0.4512417732450264]
+-----------------------------------+


mag 26, 2021 12:10:43 PM utility.LogController queryOutput
INFORMAZIONI: 
+-----------------------------------+
|  PAB
|  [0.44528259464320846]
+-----------------------------------+


mag 26, 2021 12:10:43 PM utility.LogController queryOutput
INFORMAZIONI: 
+-----------------------------------+
|  LIG
|  [0.504058471127066]
+-----------------------------------+


mag 26, 2021 12:10:43 PM utility.LogController queryOutput
INFORMAZIONI: 
+-----------------------------------+
|  PAT
|  [0.42548348309759615]
+-----------------------------------+


mag 26, 2021 12:10:43 PM utility.LogController queryOutput
INFORMAZIONI: 
+-----------------------------------+
|  ABR
|  [0.4542091225405678]
+-----------------------------------+


mag 26, 2021 12:10:43 PM utility.LogController queryOutput
INFORMAZIONI: 
+-----------------------------------+
|  SAR
|  [0.3994274898715763]
+-----------------------------------+


mag 26, 2021 12:10:43 PM utility.LogController queryOutput
INFORMAZIONI: 
+-----------------------------------+
|  BAS
|  [0.44357252560817706]
+-----------------------------------+


mag 26, 2021 12:10:43 PM utility.LogController queryOutput
INFORMAZIONI: 
+-----------------------------------+
|  LAZ
|  [0.43463514517909746]
+-----------------------------------+


mag 26, 2021 12:10:43 PM utility.LogController queryOutput
INFORMAZIONI: 
+-----------------------------------+
|  LOM
|  [0.4515916135981648]
+-----------------------------------+


mag 26, 2021 12:10:43 PM utility.LogController queryOutput
INFORMAZIONI: 
+-----------------------------------+
|  EMR
|  [0.4612429196034056]
+-----------------------------------+


mag 26, 2021 12:10:43 PM utility.LogController queryOutput
INFORMAZIONI: 
+-----------------------------------+
|  PUG
|  [0.44724620829854156]
+-----------------------------------+


mag 26, 2021 12:13:19 PM utility.LogController queryOutput
INFORMAZIONI: 
+-----------------------------------+
|  KMeansCustom
|  2
|  FVG
|  0.44257407489282613
|  1
|  0.006801419843122645
|  0.006801419843122645
+-----------------------------------+


mag 26, 2021 12:13:19 PM utility.LogController queryOutput
INFORMAZIONI: 
+-----------------------------------+
|  KMeansCustom
|  2
|  PIE
|  0.4543949396355433
|  1
|  0.006801419843122645
|  0.006801419843122645
+-----------------------------------+


mag 26, 2021 12:13:19 PM utility.LogController queryOutput
INFORMAZIONI: 
+-----------------------------------+
|  KMeansCustom
|  2
|  VDA
|  0.45687073731789013
|  1
|  0.006801419843122645
|  0.006801419843122645
+-----------------------------------+


mag 26, 2021 12:13:19 PM utility.LogController queryOutput
INFORMAZIONI: 
+-----------------------------------+
|  KMeansCustom
|  2
|  TOS
|  0.4349725065854163
|  1
|  0.006801419843122645
|  0.006801419843122645
+-----------------------------------+


mag 26, 2021 12:13:19 PM utility.LogController queryOutput
INFORMAZIONI: 
+-----------------------------------+
|  KMeansCustom
|  2
|  VEN
|  0.45234008448922636
|  1
|  0.006801419843122645
|  0.006801419843122645
+-----------------------------------+


mag 26, 2021 12:13:19 PM utility.LogController queryOutput
INFORMAZIONI: 
+-----------------------------------+
|  KMeansCustom
|  2
|  CAL
|  0.38850994393224153
|  0
|  0.006801419843122645
|  0.006801419843122645
+-----------------------------------+


mag 26, 2021 12:13:19 PM utility.LogController queryOutput
INFORMAZIONI: 
+-----------------------------------+
|  KMeansCustom
|  2
|  CAM
|  0.40870501723752717
|  0
|  0.006801419843122645
|  0.006801419843122645
+-----------------------------------+


mag 26, 2021 12:13:19 PM utility.LogController queryOutput
INFORMAZIONI: 
+-----------------------------------+
|  KMeansCustom
|  2
|  SIC
|  0.3748011723497979
|  0
|  0.006801419843122645
|  0.006801419843122645
+-----------------------------------+


mag 26, 2021 12:13:19 PM utility.LogController queryOutput
INFORMAZIONI: 
+-----------------------------------+
|  KMeansCustom
|  2
|  MAR
|  0.46027723347315785
|  1
|  0.006801419843122645
|  0.006801419843122645
+-----------------------------------+


mag 26, 2021 12:13:19 PM utility.LogController queryOutput
INFORMAZIONI: 
+-----------------------------------+
|  KMeansCustom
|  2
|  MOL
|  0.4943634567201826
|  1
|  0.006801419843122645
|  0.006801419843122645
+-----------------------------------+


mag 26, 2021 12:13:19 PM utility.LogController queryOutput
INFORMAZIONI: 
+-----------------------------------+
|  KMeansCustom
|  2
|  UMB
|  0.4512417732450264
|  1
|  0.006801419843122645
|  0.006801419843122645
+-----------------------------------+


mag 26, 2021 12:13:19 PM utility.LogController queryOutput
INFORMAZIONI: 
+-----------------------------------+
|  KMeansCustom
|  2
|  PAB
|  0.44528259464320846
|  1
|  0.006801419843122645
|  0.006801419843122645
+-----------------------------------+


mag 26, 2021 12:13:19 PM utility.LogController queryOutput
INFORMAZIONI: 
+-----------------------------------+
|  KMeansCustom
|  2
|  LIG
|  0.504058471127066
|  1
|  0.006801419843122645
|  0.006801419843122645
+-----------------------------------+


mag 26, 2021 12:13:19 PM utility.LogController queryOutput
INFORMAZIONI: 
+-----------------------------------+
|  KMeansCustom
|  2
|  PAT
|  0.42548348309759615
|  0
|  0.006801419843122645
|  0.006801419843122645
+-----------------------------------+


mag 26, 2021 12:13:19 PM utility.LogController queryOutput
INFORMAZIONI: 
+-----------------------------------+
|  KMeansCustom
|  2
|  ABR
|  0.4542091225405678
|  1
|  0.006801419843122645
|  0.006801419843122645
+-----------------------------------+


mag 26, 2021 12:13:19 PM utility.LogController queryOutput
INFORMAZIONI: 
+-----------------------------------+
|  KMeansCustom
|  2
|  SAR
|  0.3994274898715763
|  0
|  0.006801419843122645
|  0.006801419843122645
+-----------------------------------+


mag 26, 2021 12:13:19 PM utility.LogController queryOutput
INFORMAZIONI: 
+-----------------------------------+
|  KMeansCustom
|  2
|  BAS
|  0.44357252560817706
|  1
|  0.006801419843122645
|  0.006801419843122645
+-----------------------------------+


mag 26, 2021 12:13:19 PM utility.LogController queryOutput
INFORMAZIONI: 
+-----------------------------------+
|  KMeansCustom
|  2
|  LAZ
|  0.43463514517909746
|  1
|  0.006801419843122645
|  0.006801419843122645
+-----------------------------------+


mag 26, 2021 12:13:19 PM utility.LogController queryOutput
INFORMAZIONI: 
+-----------------------------------+
|  KMeansCustom
|  2
|  LOM
|  0.4515916135981648
|  1
|  0.006801419843122645
|  0.006801419843122645
+-----------------------------------+


mag 26, 2021 12:13:19 PM utility.LogController queryOutput
INFORMAZIONI: 
+-----------------------------------+
|  KMeansCustom
|  2
|  EMR
|  0.4612429196034056
|  1
|  0.006801419843122645
|  0.006801419843122645
+-----------------------------------+


mag 26, 2021 12:13:19 PM utility.LogController queryOutput
INFORMAZIONI: 
+-----------------------------------+
|  KMeansCustom
|  2
|  PUG
|  0.44724620829854156
|  1
|  0.006801419843122645
|  0.006801419843122645
+-----------------------------------+


mag 26, 2021 12:13:20 PM utility.LogController queryOutput
INFORMAZIONI: 
+-----------------------------------+
|  KMeansCustom
|  3
|  FVG
|  0.44257407489282613
|  0
|  0.005753593017934964
|  0.005753593017934964
+-----------------------------------+


mag 26, 2021 12:13:20 PM utility.LogController queryOutput
INFORMAZIONI: 
+-----------------------------------+
|  KMeansCustom
|  3
|  PIE
|  0.4543949396355433
|  0
|  0.005753593017934964
|  0.005753593017934964
+-----------------------------------+


mag 26, 2021 12:13:20 PM utility.LogController queryOutput
INFORMAZIONI: 
+-----------------------------------+
|  KMeansCustom
|  3
|  VDA
|  0.45687073731789013
|  0
|  0.005753593017934964
|  0.005753593017934964
+-----------------------------------+


mag 26, 2021 12:13:20 PM utility.LogController queryOutput
INFORMAZIONI: 
+-----------------------------------+
|  KMeansCustom
|  3
|  TOS
|  0.4349725065854163
|  0
|  0.005753593017934964
|  0.005753593017934964
+-----------------------------------+


mag 26, 2021 12:13:20 PM utility.LogController queryOutput
INFORMAZIONI: 
+-----------------------------------+
|  KMeansCustom
|  3
|  VEN
|  0.45234008448922636
|  0
|  0.005753593017934964
|  0.005753593017934964
+-----------------------------------+


mag 26, 2021 12:13:20 PM utility.LogController queryOutput
INFORMAZIONI: 
+-----------------------------------+
|  KMeansCustom
|  3
|  CAL
|  0.38850994393224153
|  1
|  0.005753593017934964
|  0.005753593017934964
+-----------------------------------+


mag 26, 2021 12:13:20 PM utility.LogController queryOutput
INFORMAZIONI: 
+-----------------------------------+
|  KMeansCustom
|  3
|  CAM
|  0.40870501723752717
|  2
|  0.005753593017934964
|  0.005753593017934964
+-----------------------------------+


mag 26, 2021 12:13:20 PM utility.LogController queryOutput
INFORMAZIONI: 
+-----------------------------------+
|  KMeansCustom
|  3
|  SIC
|  0.3748011723497979
|  1
|  0.005753593017934964
|  0.005753593017934964
+-----------------------------------+


mag 26, 2021 12:13:20 PM utility.LogController queryOutput
INFORMAZIONI: 
+-----------------------------------+
|  KMeansCustom
|  3
|  MAR
|  0.46027723347315785
|  0
|  0.005753593017934964
|  0.005753593017934964
+-----------------------------------+


mag 26, 2021 12:13:20 PM utility.LogController queryOutput
INFORMAZIONI: 
+-----------------------------------+
|  KMeansCustom
|  3
|  MOL
|  0.4943634567201826
|  0
|  0.005753593017934964
|  0.005753593017934964
+-----------------------------------+


mag 26, 2021 12:13:20 PM utility.LogController queryOutput
INFORMAZIONI: 
+-----------------------------------+
|  KMeansCustom
|  3
|  UMB
|  0.4512417732450264
|  0
|  0.005753593017934964
|  0.005753593017934964
+-----------------------------------+


mag 26, 2021 12:13:20 PM utility.LogController queryOutput
INFORMAZIONI: 
+-----------------------------------+
|  KMeansCustom
|  3
|  PAB
|  0.44528259464320846
|  0
|  0.005753593017934964
|  0.005753593017934964
+-----------------------------------+


mag 26, 2021 12:13:20 PM utility.LogController queryOutput
INFORMAZIONI: 
+-----------------------------------+
|  KMeansCustom
|  3
|  LIG
|  0.504058471127066
|  0
|  0.005753593017934964
|  0.005753593017934964
+-----------------------------------+


mag 26, 2021 12:13:20 PM utility.LogController queryOutput
INFORMAZIONI: 
+-----------------------------------+
|  KMeansCustom
|  3
|  PAT
|  0.42548348309759615
|  2
|  0.005753593017934964
|  0.005753593017934964
+-----------------------------------+


mag 26, 2021 12:13:20 PM utility.LogController queryOutput
INFORMAZIONI: 
+-----------------------------------+
|  KMeansCustom
|  3
|  ABR
|  0.4542091225405678
|  0
|  0.005753593017934964
|  0.005753593017934964
+-----------------------------------+


mag 26, 2021 12:13:20 PM utility.LogController queryOutput
INFORMAZIONI: 
+-----------------------------------+
|  KMeansCustom
|  3
|  SAR
|  0.3994274898715763
|  2
|  0.005753593017934964
|  0.005753593017934964
+-----------------------------------+


mag 26, 2021 12:13:20 PM utility.LogController queryOutput
INFORMAZIONI: 
+-----------------------------------+
|  KMeansCustom
|  3
|  BAS
|  0.44357252560817706
|  0
|  0.005753593017934964
|  0.005753593017934964
+-----------------------------------+


mag 26, 2021 12:13:20 PM utility.LogController queryOutput
INFORMAZIONI: 
+-----------------------------------+
|  KMeansCustom
|  3
|  LAZ
|  0.43463514517909746
|  0
|  0.005753593017934964
|  0.005753593017934964
+-----------------------------------+


mag 26, 2021 12:13:20 PM utility.LogController queryOutput
INFORMAZIONI: 
+-----------------------------------+
|  KMeansCustom
|  3
|  LOM
|  0.4515916135981648
|  0
|  0.005753593017934964
|  0.005753593017934964
+-----------------------------------+


mag 26, 2021 12:13:20 PM utility.LogController queryOutput
INFORMAZIONI: 
+-----------------------------------+
|  KMeansCustom
|  3
|  EMR
|  0.4612429196034056
|  0
|  0.005753593017934964
|  0.005753593017934964
+-----------------------------------+


mag 26, 2021 12:13:20 PM utility.LogController queryOutput
INFORMAZIONI: 
+-----------------------------------+
|  KMeansCustom
|  3
|  PUG
|  0.44724620829854156
|  0
|  0.005753593017934964
|  0.005753593017934964
+-----------------------------------+


mag 26, 2021 12:13:21 PM utility.LogController queryOutput
INFORMAZIONI: 
+-----------------------------------+
|  KMeansCustom
|  4
|  FVG
|  0.44257407489282613
|  1
|  0.0011288210554258713
|  0.0011288210554258713
+-----------------------------------+


mag 26, 2021 12:13:21 PM utility.LogController queryOutput
INFORMAZIONI: 
+-----------------------------------+
|  KMeansCustom
|  4
|  PIE
|  0.4543949396355433
|  0
|  0.0011288210554258713
|  0.0011288210554258713
+-----------------------------------+


mag 26, 2021 12:13:21 PM utility.LogController queryOutput
INFORMAZIONI: 
+-----------------------------------+
|  KMeansCustom
|  4
|  VDA
|  0.45687073731789013
|  0
|  0.0011288210554258713
|  0.0011288210554258713
+-----------------------------------+


mag 26, 2021 12:13:21 PM utility.LogController queryOutput
INFORMAZIONI: 
+-----------------------------------+
|  KMeansCustom
|  4
|  TOS
|  0.4349725065854163
|  1
|  0.0011288210554258713
|  0.0011288210554258713
+-----------------------------------+


mag 26, 2021 12:13:21 PM utility.LogController queryOutput
INFORMAZIONI: 
+-----------------------------------+
|  KMeansCustom
|  4
|  VEN
|  0.45234008448922636
|  0
|  0.0011288210554258713
|  0.0011288210554258713
+-----------------------------------+


mag 26, 2021 12:13:21 PM utility.LogController queryOutput
INFORMAZIONI: 
+-----------------------------------+
|  KMeansCustom
|  4
|  CAL
|  0.38850994393224153
|  2
|  0.0011288210554258713
|  0.0011288210554258713
+-----------------------------------+


mag 26, 2021 12:13:21 PM utility.LogController queryOutput
INFORMAZIONI: 
+-----------------------------------+
|  KMeansCustom
|  4
|  CAM
|  0.40870501723752717
|  2
|  0.0011288210554258713
|  0.0011288210554258713
+-----------------------------------+


mag 26, 2021 12:13:21 PM utility.LogController queryOutput
INFORMAZIONI: 
+-----------------------------------+
|  KMeansCustom
|  4
|  SIC
|  0.3748011723497979
|  2
|  0.0011288210554258713
|  0.0011288210554258713
+-----------------------------------+


mag 26, 2021 12:13:21 PM utility.LogController queryOutput
INFORMAZIONI: 
+-----------------------------------+
|  KMeansCustom
|  4
|  MAR
|  0.46027723347315785
|  0
|  0.0011288210554258713
|  0.0011288210554258713
+-----------------------------------+


mag 26, 2021 12:13:21 PM utility.LogController queryOutput
INFORMAZIONI: 
+-----------------------------------+
|  KMeansCustom
|  4
|  MOL
|  0.4943634567201826
|  3
|  0.0011288210554258713
|  0.0011288210554258713
+-----------------------------------+


mag 26, 2021 12:13:21 PM utility.LogController queryOutput
INFORMAZIONI: 
+-----------------------------------+
|  KMeansCustom
|  4
|  UMB
|  0.4512417732450264
|  0
|  0.0011288210554258713
|  0.0011288210554258713
+-----------------------------------+


mag 26, 2021 12:13:21 PM utility.LogController queryOutput
INFORMAZIONI: 
+-----------------------------------+
|  KMeansCustom
|  4
|  PAB
|  0.44528259464320846
|  1
|  0.0011288210554258713
|  0.0011288210554258713
+-----------------------------------+


mag 26, 2021 12:13:21 PM utility.LogController queryOutput
INFORMAZIONI: 
+-----------------------------------+
|  KMeansCustom
|  4
|  LIG
|  0.504058471127066
|  3
|  0.0011288210554258713
|  0.0011288210554258713
+-----------------------------------+


mag 26, 2021 12:13:21 PM utility.LogController queryOutput
INFORMAZIONI: 
+-----------------------------------+
|  KMeansCustom
|  4
|  PAT
|  0.42548348309759615
|  1
|  0.0011288210554258713
|  0.0011288210554258713
+-----------------------------------+


mag 26, 2021 12:13:21 PM utility.LogController queryOutput
INFORMAZIONI: 
+-----------------------------------+
|  KMeansCustom
|  4
|  ABR
|  0.4542091225405678
|  0
|  0.0011288210554258713
|  0.0011288210554258713
+-----------------------------------+


mag 26, 2021 12:13:21 PM utility.LogController queryOutput
INFORMAZIONI: 
+-----------------------------------+
|  KMeansCustom
|  4
|  SAR
|  0.3994274898715763
|  2
|  0.0011288210554258713
|  0.0011288210554258713
+-----------------------------------+


mag 26, 2021 12:13:21 PM utility.LogController queryOutput
INFORMAZIONI: 
+-----------------------------------+
|  KMeansCustom
|  4
|  BAS
|  0.44357252560817706
|  1
|  0.0011288210554258713
|  0.0011288210554258713
+-----------------------------------+


mag 26, 2021 12:13:21 PM utility.LogController queryOutput
INFORMAZIONI: 
+-----------------------------------+
|  KMeansCustom
|  4
|  LAZ
|  0.43463514517909746
|  1
|  0.0011288210554258713
|  0.0011288210554258713
+-----------------------------------+


mag 26, 2021 12:13:21 PM utility.LogController queryOutput
INFORMAZIONI: 
+-----------------------------------+
|  KMeansCustom
|  4
|  LOM
|  0.4515916135981648
|  0
|  0.0011288210554258713
|  0.0011288210554258713
+-----------------------------------+


mag 26, 2021 12:13:21 PM utility.LogController queryOutput
INFORMAZIONI: 
+-----------------------------------+
|  KMeansCustom
|  4
|  EMR
|  0.4612429196034056
|  0
|  0.0011288210554258713
|  0.0011288210554258713
+-----------------------------------+


mag 26, 2021 12:13:21 PM utility.LogController queryOutput
INFORMAZIONI: 
+-----------------------------------+
|  KMeansCustom
|  4
|  PUG
|  0.44724620829854156
|  0
|  0.0011288210554258713
|  0.0011288210554258713
+-----------------------------------+


mag 26, 2021 12:13:23 PM utility.LogController queryOutput
INFORMAZIONI: 
+-----------------------------------+
|  KMeansCustom
|  5
|  FVG
|  0.44257407489282613
|  4
|  0.0010882744055977017
|  0.0010882744055977017
+-----------------------------------+


mag 26, 2021 12:13:23 PM utility.LogController queryOutput
INFORMAZIONI: 
+-----------------------------------+
|  KMeansCustom
|  5
|  PIE
|  0.4543949396355433
|  0
|  0.0010882744055977017
|  0.0010882744055977017
+-----------------------------------+


mag 26, 2021 12:13:23 PM utility.LogController queryOutput
INFORMAZIONI: 
+-----------------------------------+
|  KMeansCustom
|  5
|  VDA
|  0.45687073731789013
|  0
|  0.0010882744055977017
|  0.0010882744055977017
+-----------------------------------+


mag 26, 2021 12:13:23 PM utility.LogController queryOutput
INFORMAZIONI: 
+-----------------------------------+
|  KMeansCustom
|  5
|  TOS
|  0.4349725065854163
|  4
|  0.0010882744055977017
|  0.0010882744055977017
+-----------------------------------+


mag 26, 2021 12:13:23 PM utility.LogController queryOutput
INFORMAZIONI: 
+-----------------------------------+
|  KMeansCustom
|  5
|  VEN
|  0.45234008448922636
|  0
|  0.0010882744055977017
|  0.0010882744055977017
+-----------------------------------+


mag 26, 2021 12:13:23 PM utility.LogController queryOutput
INFORMAZIONI: 
+-----------------------------------+
|  KMeansCustom
|  5
|  CAL
|  0.38850994393224153
|  1
|  0.0010882744055977017
|  0.0010882744055977017
+-----------------------------------+


mag 26, 2021 12:13:23 PM utility.LogController queryOutput
INFORMAZIONI: 
+-----------------------------------+
|  KMeansCustom
|  5
|  CAM
|  0.40870501723752717
|  1
|  0.0010882744055977017
|  0.0010882744055977017
+-----------------------------------+


mag 26, 2021 12:13:23 PM utility.LogController queryOutput
INFORMAZIONI: 
+-----------------------------------+
|  KMeansCustom
|  5
|  SIC
|  0.3748011723497979
|  1
|  0.0010882744055977017
|  0.0010882744055977017
+-----------------------------------+


mag 26, 2021 12:13:23 PM utility.LogController queryOutput
INFORMAZIONI: 
+-----------------------------------+
|  KMeansCustom
|  5
|  MAR
|  0.46027723347315785
|  0
|  0.0010882744055977017
|  0.0010882744055977017
+-----------------------------------+


mag 26, 2021 12:13:23 PM utility.LogController queryOutput
INFORMAZIONI: 
+-----------------------------------+
|  KMeansCustom
|  5
|  MOL
|  0.4943634567201826
|  3
|  0.0010882744055977017
|  0.0010882744055977017
+-----------------------------------+


mag 26, 2021 12:13:23 PM utility.LogController queryOutput
INFORMAZIONI: 
+-----------------------------------+
|  KMeansCustom
|  5
|  UMB
|  0.4512417732450264
|  0
|  0.0010882744055977017
|  0.0010882744055977017
+-----------------------------------+


mag 26, 2021 12:13:23 PM utility.LogController queryOutput
INFORMAZIONI: 
+-----------------------------------+
|  KMeansCustom
|  5
|  PAB
|  0.44528259464320846
|  0
|  0.0010882744055977017
|  0.0010882744055977017
+-----------------------------------+


mag 26, 2021 12:13:23 PM utility.LogController queryOutput
INFORMAZIONI: 
+-----------------------------------+
|  KMeansCustom
|  5
|  LIG
|  0.504058471127066
|  2
|  0.0010882744055977017
|  0.0010882744055977017
+-----------------------------------+


mag 26, 2021 12:13:23 PM utility.LogController queryOutput
INFORMAZIONI: 
+-----------------------------------+
|  KMeansCustom
|  5
|  PAT
|  0.42548348309759615
|  4
|  0.0010882744055977017
|  0.0010882744055977017
+-----------------------------------+


mag 26, 2021 12:13:23 PM utility.LogController queryOutput
INFORMAZIONI: 
+-----------------------------------+
|  KMeansCustom
|  5
|  ABR
|  0.4542091225405678
|  0
|  0.0010882744055977017
|  0.0010882744055977017
+-----------------------------------+


mag 26, 2021 12:13:23 PM utility.LogController queryOutput
INFORMAZIONI: 
+-----------------------------------+
|  KMeansCustom
|  5
|  SAR
|  0.3994274898715763
|  1
|  0.0010882744055977017
|  0.0010882744055977017
+-----------------------------------+


mag 26, 2021 12:13:23 PM utility.LogController queryOutput
INFORMAZIONI: 
+-----------------------------------+
|  KMeansCustom
|  5
|  BAS
|  0.44357252560817706
|  4
|  0.0010882744055977017
|  0.0010882744055977017
+-----------------------------------+


mag 26, 2021 12:13:23 PM utility.LogController queryOutput
INFORMAZIONI: 
+-----------------------------------+
|  KMeansCustom
|  5
|  LAZ
|  0.43463514517909746
|  4
|  0.0010882744055977017
|  0.0010882744055977017
+-----------------------------------+


mag 26, 2021 12:13:23 PM utility.LogController queryOutput
INFORMAZIONI: 
+-----------------------------------+
|  KMeansCustom
|  5
|  LOM
|  0.4515916135981648
|  0
|  0.0010882744055977017
|  0.0010882744055977017
+-----------------------------------+


mag 26, 2021 12:13:23 PM utility.LogController queryOutput
INFORMAZIONI: 
+-----------------------------------+
|  KMeansCustom
|  5
|  EMR
|  0.4612429196034056
|  0
|  0.0010882744055977017
|  0.0010882744055977017
+-----------------------------------+


mag 26, 2021 12:13:23 PM utility.LogController queryOutput
INFORMAZIONI: 
+-----------------------------------+
|  KMeansCustom
|  5
|  PUG
|  0.44724620829854156
|  0
|  0.0010882744055977017
|  0.0010882744055977017
+-----------------------------------+


mag 26, 2021 12:13:24 PM utility.LogController queryOutput
INFORMAZIONI: 
+-----------------------------------+
|  BisectingKMeansCustom
|  2
|  FVG
|  0.44257407489282613
|  1
|  0.00680141984312399
|  0.006801419843122645
+-----------------------------------+


mag 26, 2021 12:13:24 PM utility.LogController queryOutput
INFORMAZIONI: 
+-----------------------------------+
|  BisectingKMeansCustom
|  2
|  PIE
|  0.4543949396355433
|  1
|  0.00680141984312399
|  0.006801419843122645
+-----------------------------------+


mag 26, 2021 12:13:24 PM utility.LogController queryOutput
INFORMAZIONI: 
+-----------------------------------+
|  BisectingKMeansCustom
|  2
|  VDA
|  0.45687073731789013
|  1
|  0.00680141984312399
|  0.006801419843122645
+-----------------------------------+


mag 26, 2021 12:13:24 PM utility.LogController queryOutput
INFORMAZIONI: 
+-----------------------------------+
|  BisectingKMeansCustom
|  2
|  TOS
|  0.4349725065854163
|  1
|  0.00680141984312399
|  0.006801419843122645
+-----------------------------------+


mag 26, 2021 12:13:24 PM utility.LogController queryOutput
INFORMAZIONI: 
+-----------------------------------+
|  BisectingKMeansCustom
|  2
|  VEN
|  0.45234008448922636
|  1
|  0.00680141984312399
|  0.006801419843122645
+-----------------------------------+


mag 26, 2021 12:13:24 PM utility.LogController queryOutput
INFORMAZIONI: 
+-----------------------------------+
|  BisectingKMeansCustom
|  2
|  CAL
|  0.38850994393224153
|  0
|  0.00680141984312399
|  0.006801419843122645
+-----------------------------------+


mag 26, 2021 12:13:24 PM utility.LogController queryOutput
INFORMAZIONI: 
+-----------------------------------+
|  BisectingKMeansCustom
|  2
|  CAM
|  0.40870501723752717
|  0
|  0.00680141984312399
|  0.006801419843122645
+-----------------------------------+


mag 26, 2021 12:13:24 PM utility.LogController queryOutput
INFORMAZIONI: 
+-----------------------------------+
|  BisectingKMeansCustom
|  2
|  SIC
|  0.3748011723497979
|  0
|  0.00680141984312399
|  0.006801419843122645
+-----------------------------------+


mag 26, 2021 12:13:24 PM utility.LogController queryOutput
INFORMAZIONI: 
+-----------------------------------+
|  BisectingKMeansCustom
|  2
|  MAR
|  0.46027723347315785
|  1
|  0.00680141984312399
|  0.006801419843122645
+-----------------------------------+


mag 26, 2021 12:13:24 PM utility.LogController queryOutput
INFORMAZIONI: 
+-----------------------------------+
|  BisectingKMeansCustom
|  2
|  MOL
|  0.4943634567201826
|  1
|  0.00680141984312399
|  0.006801419843122645
+-----------------------------------+


mag 26, 2021 12:13:24 PM utility.LogController queryOutput
INFORMAZIONI: 
+-----------------------------------+
|  BisectingKMeansCustom
|  2
|  UMB
|  0.4512417732450264
|  1
|  0.00680141984312399
|  0.006801419843122645
+-----------------------------------+


mag 26, 2021 12:13:24 PM utility.LogController queryOutput
INFORMAZIONI: 
+-----------------------------------+
|  BisectingKMeansCustom
|  2
|  PAB
|  0.44528259464320846
|  1
|  0.00680141984312399
|  0.006801419843122645
+-----------------------------------+


mag 26, 2021 12:13:24 PM utility.LogController queryOutput
INFORMAZIONI: 
+-----------------------------------+
|  BisectingKMeansCustom
|  2
|  LIG
|  0.504058471127066
|  1
|  0.00680141984312399
|  0.006801419843122645
+-----------------------------------+


mag 26, 2021 12:13:24 PM utility.LogController queryOutput
INFORMAZIONI: 
+-----------------------------------+
|  BisectingKMeansCustom
|  2
|  PAT
|  0.42548348309759615
|  0
|  0.00680141984312399
|  0.006801419843122645
+-----------------------------------+


mag 26, 2021 12:13:24 PM utility.LogController queryOutput
INFORMAZIONI: 
+-----------------------------------+
|  BisectingKMeansCustom
|  2
|  ABR
|  0.4542091225405678
|  1
|  0.00680141984312399
|  0.006801419843122645
+-----------------------------------+


mag 26, 2021 12:13:24 PM utility.LogController queryOutput
INFORMAZIONI: 
+-----------------------------------+
|  BisectingKMeansCustom
|  2
|  SAR
|  0.3994274898715763
|  0
|  0.00680141984312399
|  0.006801419843122645
+-----------------------------------+


mag 26, 2021 12:13:24 PM utility.LogController queryOutput
INFORMAZIONI: 
+-----------------------------------+
|  BisectingKMeansCustom
|  2
|  BAS
|  0.44357252560817706
|  1
|  0.00680141984312399
|  0.006801419843122645
+-----------------------------------+


mag 26, 2021 12:13:24 PM utility.LogController queryOutput
INFORMAZIONI: 
+-----------------------------------+
|  BisectingKMeansCustom
|  2
|  LAZ
|  0.43463514517909746
|  1
|  0.00680141984312399
|  0.006801419843122645
+-----------------------------------+


mag 26, 2021 12:13:24 PM utility.LogController queryOutput
INFORMAZIONI: 
+-----------------------------------+
|  BisectingKMeansCustom
|  2
|  LOM
|  0.4515916135981648
|  1
|  0.00680141984312399
|  0.006801419843122645
+-----------------------------------+


mag 26, 2021 12:13:24 PM utility.LogController queryOutput
INFORMAZIONI: 
+-----------------------------------+
|  BisectingKMeansCustom
|  2
|  EMR
|  0.4612429196034056
|  1
|  0.00680141984312399
|  0.006801419843122645
+-----------------------------------+


mag 26, 2021 12:13:24 PM utility.LogController queryOutput
INFORMAZIONI: 
+-----------------------------------+
|  BisectingKMeansCustom
|  2
|  PUG
|  0.44724620829854156
|  1
|  0.00680141984312399
|  0.006801419843122645
+-----------------------------------+


mag 26, 2021 12:13:25 PM utility.LogController queryOutput
INFORMAZIONI: 
+-----------------------------------+
|  BisectingKMeansCustom
|  3
|  FVG
|  0.44257407489282613
|  1
|  0.002445124610040761
|  0.0024451246100396997
+-----------------------------------+


mag 26, 2021 12:13:25 PM utility.LogController queryOutput
INFORMAZIONI: 
+-----------------------------------+
|  BisectingKMeansCustom
|  3
|  PIE
|  0.4543949396355433
|  1
|  0.002445124610040761
|  0.0024451246100396997
+-----------------------------------+


mag 26, 2021 12:13:25 PM utility.LogController queryOutput
INFORMAZIONI: 
+-----------------------------------+
|  BisectingKMeansCustom
|  3
|  VDA
|  0.45687073731789013
|  1
|  0.002445124610040761
|  0.0024451246100396997
+-----------------------------------+


mag 26, 2021 12:13:25 PM utility.LogController queryOutput
INFORMAZIONI: 
+-----------------------------------+
|  BisectingKMeansCustom
|  3
|  TOS
|  0.4349725065854163
|  1
|  0.002445124610040761
|  0.0024451246100396997
+-----------------------------------+


mag 26, 2021 12:13:25 PM utility.LogController queryOutput
INFORMAZIONI: 
+-----------------------------------+
|  BisectingKMeansCustom
|  3
|  VEN
|  0.45234008448922636
|  1
|  0.002445124610040761
|  0.0024451246100396997
+-----------------------------------+


mag 26, 2021 12:13:25 PM utility.LogController queryOutput
INFORMAZIONI: 
+-----------------------------------+
|  BisectingKMeansCustom
|  3
|  CAL
|  0.38850994393224153
|  0
|  0.002445124610040761
|  0.0024451246100396997
+-----------------------------------+


mag 26, 2021 12:13:25 PM utility.LogController queryOutput
INFORMAZIONI: 
+-----------------------------------+
|  BisectingKMeansCustom
|  3
|  CAM
|  0.40870501723752717
|  0
|  0.002445124610040761
|  0.0024451246100396997
+-----------------------------------+


mag 26, 2021 12:13:25 PM utility.LogController queryOutput
INFORMAZIONI: 
+-----------------------------------+
|  BisectingKMeansCustom
|  3
|  SIC
|  0.3748011723497979
|  0
|  0.002445124610040761
|  0.0024451246100396997
+-----------------------------------+


mag 26, 2021 12:13:25 PM utility.LogController queryOutput
INFORMAZIONI: 
+-----------------------------------+
|  BisectingKMeansCustom
|  3
|  MAR
|  0.46027723347315785
|  1
|  0.002445124610040761
|  0.0024451246100396997
+-----------------------------------+


mag 26, 2021 12:13:25 PM utility.LogController queryOutput
INFORMAZIONI: 
+-----------------------------------+
|  BisectingKMeansCustom
|  3
|  MOL
|  0.4943634567201826
|  2
|  0.002445124610040761
|  0.0024451246100396997
+-----------------------------------+


mag 26, 2021 12:13:25 PM utility.LogController queryOutput
INFORMAZIONI: 
+-----------------------------------+
|  BisectingKMeansCustom
|  3
|  UMB
|  0.4512417732450264
|  1
|  0.002445124610040761
|  0.0024451246100396997
+-----------------------------------+


mag 26, 2021 12:13:25 PM utility.LogController queryOutput
INFORMAZIONI: 
+-----------------------------------+
|  BisectingKMeansCustom
|  3
|  PAB
|  0.44528259464320846
|  1
|  0.002445124610040761
|  0.0024451246100396997
+-----------------------------------+


mag 26, 2021 12:13:25 PM utility.LogController queryOutput
INFORMAZIONI: 
+-----------------------------------+
|  BisectingKMeansCustom
|  3
|  LIG
|  0.504058471127066
|  2
|  0.002445124610040761
|  0.0024451246100396997
+-----------------------------------+


mag 26, 2021 12:13:25 PM utility.LogController queryOutput
INFORMAZIONI: 
+-----------------------------------+
|  BisectingKMeansCustom
|  3
|  PAT
|  0.42548348309759615
|  0
|  0.002445124610040761
|  0.0024451246100396997
+-----------------------------------+


mag 26, 2021 12:13:25 PM utility.LogController queryOutput
INFORMAZIONI: 
+-----------------------------------+
|  BisectingKMeansCustom
|  3
|  ABR
|  0.4542091225405678
|  1
|  0.002445124610040761
|  0.0024451246100396997
+-----------------------------------+


mag 26, 2021 12:13:25 PM utility.LogController queryOutput
INFORMAZIONI: 
+-----------------------------------+
|  BisectingKMeansCustom
|  3
|  SAR
|  0.3994274898715763
|  0
|  0.002445124610040761
|  0.0024451246100396997
+-----------------------------------+


mag 26, 2021 12:13:25 PM utility.LogController queryOutput
INFORMAZIONI: 
+-----------------------------------+
|  BisectingKMeansCustom
|  3
|  BAS
|  0.44357252560817706
|  1
|  0.002445124610040761
|  0.0024451246100396997
+-----------------------------------+


mag 26, 2021 12:13:25 PM utility.LogController queryOutput
INFORMAZIONI: 
+-----------------------------------+
|  BisectingKMeansCustom
|  3
|  LAZ
|  0.43463514517909746
|  1
|  0.002445124610040761
|  0.0024451246100396997
+-----------------------------------+


mag 26, 2021 12:13:25 PM utility.LogController queryOutput
INFORMAZIONI: 
+-----------------------------------+
|  BisectingKMeansCustom
|  3
|  LOM
|  0.4515916135981648
|  1
|  0.002445124610040761
|  0.0024451246100396997
+-----------------------------------+


mag 26, 2021 12:13:25 PM utility.LogController queryOutput
INFORMAZIONI: 
+-----------------------------------+
|  BisectingKMeansCustom
|  3
|  EMR
|  0.4612429196034056
|  1
|  0.002445124610040761
|  0.0024451246100396997
+-----------------------------------+


mag 26, 2021 12:13:25 PM utility.LogController queryOutput
INFORMAZIONI: 
+-----------------------------------+
|  BisectingKMeansCustom
|  3
|  PUG
|  0.44724620829854156
|  1
|  0.002445124610040761
|  0.0024451246100396997
+-----------------------------------+


mag 26, 2021 12:13:26 PM utility.LogController queryOutput
INFORMAZIONI: 
+-----------------------------------+
|  BisectingKMeansCustom
|  4
|  FVG
|  0.44257407489282613
|  2
|  0.001397297784853091
|  0.0013972977848520174
+-----------------------------------+


mag 26, 2021 12:13:26 PM utility.LogController queryOutput
INFORMAZIONI: 
+-----------------------------------+
|  BisectingKMeansCustom
|  4
|  PIE
|  0.4543949396355433
|  2
|  0.001397297784853091
|  0.0013972977848520174
+-----------------------------------+


mag 26, 2021 12:13:26 PM utility.LogController queryOutput
INFORMAZIONI: 
+-----------------------------------+
|  BisectingKMeansCustom
|  4
|  VDA
|  0.45687073731789013
|  2
|  0.001397297784853091
|  0.0013972977848520174
+-----------------------------------+


mag 26, 2021 12:13:26 PM utility.LogController queryOutput
INFORMAZIONI: 
+-----------------------------------+
|  BisectingKMeansCustom
|  4
|  TOS
|  0.4349725065854163
|  2
|  0.001397297784853091
|  0.0013972977848520174
+-----------------------------------+


mag 26, 2021 12:13:26 PM utility.LogController queryOutput
INFORMAZIONI: 
+-----------------------------------+
|  BisectingKMeansCustom
|  4
|  VEN
|  0.45234008448922636
|  2
|  0.001397297784853091
|  0.0013972977848520174
+-----------------------------------+


mag 26, 2021 12:13:26 PM utility.LogController queryOutput
INFORMAZIONI: 
+-----------------------------------+
|  BisectingKMeansCustom
|  4
|  CAL
|  0.38850994393224153
|  0
|  0.001397297784853091
|  0.0013972977848520174
+-----------------------------------+


mag 26, 2021 12:13:26 PM utility.LogController queryOutput
INFORMAZIONI: 
+-----------------------------------+
|  BisectingKMeansCustom
|  4
|  CAM
|  0.40870501723752717
|  1
|  0.001397297784853091
|  0.0013972977848520174
+-----------------------------------+


mag 26, 2021 12:13:26 PM utility.LogController queryOutput
INFORMAZIONI: 
+-----------------------------------+
|  BisectingKMeansCustom
|  4
|  SIC
|  0.3748011723497979
|  0
|  0.001397297784853091
|  0.0013972977848520174
+-----------------------------------+


mag 26, 2021 12:13:26 PM utility.LogController queryOutput
INFORMAZIONI: 
+-----------------------------------+
|  BisectingKMeansCustom
|  4
|  MAR
|  0.46027723347315785
|  2
|  0.001397297784853091
|  0.0013972977848520174
+-----------------------------------+


mag 26, 2021 12:13:26 PM utility.LogController queryOutput
INFORMAZIONI: 
+-----------------------------------+
|  BisectingKMeansCustom
|  4
|  MOL
|  0.4943634567201826
|  3
|  0.001397297784853091
|  0.0013972977848520174
+-----------------------------------+


mag 26, 2021 12:13:26 PM utility.LogController queryOutput
INFORMAZIONI: 
+-----------------------------------+
|  BisectingKMeansCustom
|  4
|  UMB
|  0.4512417732450264
|  2
|  0.001397297784853091
|  0.0013972977848520174
+-----------------------------------+


mag 26, 2021 12:13:26 PM utility.LogController queryOutput
INFORMAZIONI: 
+-----------------------------------+
|  BisectingKMeansCustom
|  4
|  PAB
|  0.44528259464320846
|  2
|  0.001397297784853091
|  0.0013972977848520174
+-----------------------------------+


mag 26, 2021 12:13:26 PM utility.LogController queryOutput
INFORMAZIONI: 
+-----------------------------------+
|  BisectingKMeansCustom
|  4
|  LIG
|  0.504058471127066
|  3
|  0.001397297784853091
|  0.0013972977848520174
+-----------------------------------+


mag 26, 2021 12:13:26 PM utility.LogController queryOutput
INFORMAZIONI: 
+-----------------------------------+
|  BisectingKMeansCustom
|  4
|  PAT
|  0.42548348309759615
|  1
|  0.001397297784853091
|  0.0013972977848520174
+-----------------------------------+


mag 26, 2021 12:13:26 PM utility.LogController queryOutput
INFORMAZIONI: 
+-----------------------------------+
|  BisectingKMeansCustom
|  4
|  ABR
|  0.4542091225405678
|  2
|  0.001397297784853091
|  0.0013972977848520174
+-----------------------------------+


mag 26, 2021 12:13:26 PM utility.LogController queryOutput
INFORMAZIONI: 
+-----------------------------------+
|  BisectingKMeansCustom
|  4
|  SAR
|  0.3994274898715763
|  1
|  0.001397297784853091
|  0.0013972977848520174
+-----------------------------------+


mag 26, 2021 12:13:26 PM utility.LogController queryOutput
INFORMAZIONI: 
+-----------------------------------+
|  BisectingKMeansCustom
|  4
|  BAS
|  0.44357252560817706
|  2
|  0.001397297784853091
|  0.0013972977848520174
+-----------------------------------+


mag 26, 2021 12:13:26 PM utility.LogController queryOutput
INFORMAZIONI: 
+-----------------------------------+
|  BisectingKMeansCustom
|  4
|  LAZ
|  0.43463514517909746
|  2
|  0.001397297784853091
|  0.0013972977848520174
+-----------------------------------+


mag 26, 2021 12:13:26 PM utility.LogController queryOutput
INFORMAZIONI: 
+-----------------------------------+
|  BisectingKMeansCustom
|  4
|  LOM
|  0.4515916135981648
|  2
|  0.001397297784853091
|  0.0013972977848520174
+-----------------------------------+


mag 26, 2021 12:13:26 PM utility.LogController queryOutput
INFORMAZIONI: 
+-----------------------------------+
|  BisectingKMeansCustom
|  4
|  EMR
|  0.4612429196034056
|  2
|  0.001397297784853091
|  0.0013972977848520174
+-----------------------------------+


mag 26, 2021 12:13:26 PM utility.LogController queryOutput
INFORMAZIONI: 
+-----------------------------------+
|  BisectingKMeansCustom
|  4
|  PUG
|  0.44724620829854156
|  2
|  0.001397297784853091
|  0.0013972977848520174
+-----------------------------------+


mag 26, 2021 12:13:28 PM utility.LogController queryOutput
INFORMAZIONI: 
+-----------------------------------+
|  BisectingKMeansCustom
|  5
|  FVG
|  0.44257407489282613
|  2
|  7.357645047754158E-4
|  7.357645047748858E-4
+-----------------------------------+


mag 26, 2021 12:13:28 PM utility.LogController queryOutput
INFORMAZIONI: 
+-----------------------------------+
|  BisectingKMeansCustom
|  5
|  PIE
|  0.4543949396355433
|  3
|  7.357645047754158E-4
|  7.357645047748858E-4
+-----------------------------------+


mag 26, 2021 12:13:28 PM utility.LogController queryOutput
INFORMAZIONI: 
+-----------------------------------+
|  BisectingKMeansCustom
|  5
|  VDA
|  0.45687073731789013
|  3
|  7.357645047754158E-4
|  7.357645047748858E-4
+-----------------------------------+


mag 26, 2021 12:13:28 PM utility.LogController queryOutput
INFORMAZIONI: 
+-----------------------------------+
|  BisectingKMeansCustom
|  5
|  TOS
|  0.4349725065854163
|  2
|  7.357645047754158E-4
|  7.357645047748858E-4
+-----------------------------------+


mag 26, 2021 12:13:28 PM utility.LogController queryOutput
INFORMAZIONI: 
+-----------------------------------+
|  BisectingKMeansCustom
|  5
|  VEN
|  0.45234008448922636
|  3
|  7.357645047754158E-4
|  7.357645047748858E-4
+-----------------------------------+


mag 26, 2021 12:13:28 PM utility.LogController queryOutput
INFORMAZIONI: 
+-----------------------------------+
|  BisectingKMeansCustom
|  5
|  CAL
|  0.38850994393224153
|  0
|  7.357645047754158E-4
|  7.357645047748858E-4
+-----------------------------------+


mag 26, 2021 12:13:28 PM utility.LogController queryOutput
INFORMAZIONI: 
+-----------------------------------+
|  BisectingKMeansCustom
|  5
|  CAM
|  0.40870501723752717
|  1
|  7.357645047754158E-4
|  7.357645047748858E-4
+-----------------------------------+


mag 26, 2021 12:13:28 PM utility.LogController queryOutput
INFORMAZIONI: 
+-----------------------------------+
|  BisectingKMeansCustom
|  5
|  SIC
|  0.3748011723497979
|  0
|  7.357645047754158E-4
|  7.357645047748858E-4
+-----------------------------------+


mag 26, 2021 12:13:28 PM utility.LogController queryOutput
INFORMAZIONI: 
+-----------------------------------+
|  BisectingKMeansCustom
|  5
|  MAR
|  0.46027723347315785
|  3
|  7.357645047754158E-4
|  7.357645047748858E-4
+-----------------------------------+


mag 26, 2021 12:13:28 PM utility.LogController queryOutput
INFORMAZIONI: 
+-----------------------------------+
|  BisectingKMeansCustom
|  5
|  MOL
|  0.4943634567201826
|  4
|  7.357645047754158E-4
|  7.357645047748858E-4
+-----------------------------------+


mag 26, 2021 12:13:28 PM utility.LogController queryOutput
INFORMAZIONI: 
+-----------------------------------+
|  BisectingKMeansCustom
|  5
|  UMB
|  0.4512417732450264
|  3
|  7.357645047754158E-4
|  7.357645047748858E-4
+-----------------------------------+


mag 26, 2021 12:13:28 PM utility.LogController queryOutput
INFORMAZIONI: 
+-----------------------------------+
|  BisectingKMeansCustom
|  5
|  PAB
|  0.44528259464320846
|  2
|  7.357645047754158E-4
|  7.357645047748858E-4
+-----------------------------------+


mag 26, 2021 12:13:28 PM utility.LogController queryOutput
INFORMAZIONI: 
+-----------------------------------+
|  BisectingKMeansCustom
|  5
|  LIG
|  0.504058471127066
|  4
|  7.357645047754158E-4
|  7.357645047748858E-4
+-----------------------------------+


mag 26, 2021 12:13:28 PM utility.LogController queryOutput
INFORMAZIONI: 
+-----------------------------------+
|  BisectingKMeansCustom
|  5
|  PAT
|  0.42548348309759615
|  1
|  7.357645047754158E-4
|  7.357645047748858E-4
+-----------------------------------+


mag 26, 2021 12:13:28 PM utility.LogController queryOutput
INFORMAZIONI: 
+-----------------------------------+
|  BisectingKMeansCustom
|  5
|  ABR
|  0.4542091225405678
|  3
|  7.357645047754158E-4
|  7.357645047748858E-4
+-----------------------------------+


mag 26, 2021 12:13:28 PM utility.LogController queryOutput
INFORMAZIONI: 
+-----------------------------------+
|  BisectingKMeansCustom
|  5
|  SAR
|  0.3994274898715763
|  1
|  7.357645047754158E-4
|  7.357645047748858E-4
+-----------------------------------+


mag 26, 2021 12:13:28 PM utility.LogController queryOutput
INFORMAZIONI: 
+-----------------------------------+
|  BisectingKMeansCustom
|  5
|  BAS
|  0.44357252560817706
|  2
|  7.357645047754158E-4
|  7.357645047748858E-4
+-----------------------------------+


mag 26, 2021 12:13:28 PM utility.LogController queryOutput
INFORMAZIONI: 
+-----------------------------------+
|  BisectingKMeansCustom
|  5
|  LAZ
|  0.43463514517909746
|  2
|  7.357645047754158E-4
|  7.357645047748858E-4
+-----------------------------------+


mag 26, 2021 12:13:28 PM utility.LogController queryOutput
INFORMAZIONI: 
+-----------------------------------+
|  BisectingKMeansCustom
|  5
|  LOM
|  0.4515916135981648
|  3
|  7.357645047754158E-4
|  7.357645047748858E-4
+-----------------------------------+


mag 26, 2021 12:13:28 PM utility.LogController queryOutput
INFORMAZIONI: 
+-----------------------------------+
|  BisectingKMeansCustom
|  5
|  EMR
|  0.4612429196034056
|  3
|  7.357645047754158E-4
|  7.357645047748858E-4
+-----------------------------------+


mag 26, 2021 12:13:28 PM utility.LogController queryOutput
INFORMAZIONI: 
+-----------------------------------+
|  BisectingKMeansCustom
|  5
|  PUG
|  0.44724620829854156
|  2
|  7.357645047754158E-4
|  7.357645047748858E-4
+-----------------------------------+


